#
# A fatal error has been detected by the Java Runtime Environment:
#
#  SIGSEGV (0xb) at pc=0x00007fffcce75a07, pid=18910, tid=0x000000000000b34b
#
# JRE version: Java(TM) SE Runtime Environment (8.0_121-b13) (build 1.8.0_121-b13)
# Java VM: Java HotSpot(TM) 64-Bit Server VM (25.121-b13 mixed mode bsd-amd64 compressed oops)
# Problematic frame:
# C  [libGL.dylib+0x1a07]  glGetError+0xd
#
# Failed to write core dump. Core dumps have been disabled. To enable core dumping, try "ulimit -c unlimited" before starting Java again
#
# If you would like to submit a bug report, please visit:
#   http://bugreport.java.com/bugreport/crash.jsp
# The crash happened outside the Java Virtual Machine in native code.
# See problematic frame for where to report the bug.
#

---------------  T H R E A D  ---------------

Current thread (0x00007fcd032e3800):  JavaThread "Main Renderer" [_thread_in_native, id=45899, stack(0x000070000a0c9000,0x000070000a1c9000)]

siginfo: si_signo: 11 (SIGSEGV), si_code: 1 (SEGV_MAPERR), si_addr: 0x0000000000000000

Registers:
RAX=0x0000000000000000, RBX=0x000000012972c5b0, RCX=0x000000010f4e9370, RDX=0x00007fffcce759fa
RSP=0x000070000a1c8720, RBP=0x000070000a1c8720, RSI=0x000070000a1c8798, RDI=0x00007fcd032e39f8
R8 =0x000000010f4fd1b8, R9 =0x00000000000558d3, R10=0x00000001115669c8, R11=0x000000010f1ab067
R12=0x0000000000000000, R13=0x000000012972c5b0, R14=0x000070000a1c87b0, R15=0x00007fcd032e3800
RIP=0x00007fffcce75a07, EFLAGS=0x0000000000010246, ERR=0x0000000000000004
  TRAPNO=0x000000000000000e

Top of Stack: (sp=0x000070000a1c8720)
0x000070000a1c8720:   000070000a1c8788 00000001115669f4
0x000070000a1c8730:   000070000a1c8788 0000000111566787
0x000070000a1c8740:   0000000111566742 000070000a1c8748
0x000070000a1c8750:   000000012972c5b0 000070000a1c87b0
0x000070000a1c8760:   0000000129746800 0000000000000000
0x000070000a1c8770:   000000012972c5b0 0000000000000000
0x000070000a1c8780:   000070000a1c87a8 000070000a1c87f8
0x000070000a1c8790:   0000000111556d00 000000076b433b58
0x000070000a1c87a0:   0000000111560536 00007fffcce759fa
0x000070000a1c87b0:   000000076b5b9160 000070000a1c87b8
0x000070000a1c87c0:   0000000129763d8c 000070000a1c88c0
0x000070000a1c87d0:   0000000129765a50 0000000000000000
0x000070000a1c87e0:   00000001297642f0 000070000a1c87a8
0x000070000a1c87f0:   000070000a1c88c0 000070000a1c8908
0x000070000a1c8800:   0000000111557040 0000000000000000
0x000070000a1c8810:   0000000000000000 0000000000000000
0x000070000a1c8820:   0000000000000000 0000000000000000
0x000070000a1c8830:   0000000000000000 0000000000000000
0x000070000a1c8840:   0000000000000000 0000000000000000
0x000070000a1c8850:   0000000000000000 0000000000000000
0x000070000a1c8860:   0000000000000000 0000000000000000
0x000070000a1c8870:   0000000000000000 0000000000000000
0x000070000a1c8880:   0000000000000000 00007fffcce75a35
0x000070000a1c8890:   0000000000000000 00007fffcce75c21
0x000070000a1c88a0:   0000000000000000 00007fffcce759fa
0x000070000a1c88b0:   0000000000000000 0000000000000000
0x000070000a1c88c0:   0000000000000000 000070000a1c88c8
0x000070000a1c88d0:   0000000129763cb1 000070000a1c8910
0x000070000a1c88e0:   0000000129765a50 0000000000000000
0x000070000a1c88f0:   0000000129763cc0 000070000a1c88c0
0x000070000a1c8900:   000070000a1c8918 000070000a1c8958
0x000070000a1c8910:   0000000111557040 000070000a1c8918 

Instructions: (pc=0x00007fffcce75a07)
0x00007fffcce759e7:   00 48 8b 82 30 03 00 00 48 8b 3a 89 ce 4c 89 c2
0x00007fffcce759f7:   5d ff e0 55 48 89 e5 65 48 8b 04 25 f0 00 00 00
0x00007fffcce75a07:   48 8b 38 5d ff a0 38 03 00 00 55 48 89 e5 49 89
0x00007fffcce75a17:   f0 89 f9 65 48 8b 14 25 f0 00 00 00 48 8b 82 40 

Register to memory mapping:

RAX=0x0000000000000000 is an unknown value
RBX={method} {0x000000012972c5b0} 'callI' '(J)I' in 'org/lwjgl/system/JNI'
RCX=0x000000010f4e9370: UseMembar+0 in /Library/Java/JavaVirtualMachines/jdk1.8.0_121.jdk/Contents/Home/jre/lib/server/libjvm.dylib at 0x000000010ecc7000
RDX=0x00007fffcce759fa: glGetError+0 in /System/Library/Frameworks/OpenGL.framework/Versions/A/Libraries/libGL.dylib at 0x00007fffcce74000
RSP=0x000070000a1c8720 is pointing into the stack for thread: 0x00007fcd032e3800
RBP=0x000070000a1c8720 is pointing into the stack for thread: 0x00007fcd032e3800
RSI=0x000070000a1c8798 is pointing into the stack for thread: 0x00007fcd032e3800
RDI=0x00007fcd032e39f8 is an unknown value
R8 =0x000000010f4fd1b8: _ZL8tc_mutex+0x18 in /Library/Java/JavaVirtualMachines/jdk1.8.0_121.jdk/Contents/Home/jre/lib/server/libjvm.dylib at 0x000000010ecc7000
R9 =0x00000000000558d3 is an unknown value
R10=0x00000001115669c8 is at code_begin+808 in an Interpreter codelet
method entry point (kind = native)  [0x00000001115666a0, 0x0000000111566fa0]  2304 bytes
R11=0x000000010f1ab067: throw_unsatisfied_link_error+0 in /Library/Java/JavaVirtualMachines/jdk1.8.0_121.jdk/Contents/Home/jre/lib/server/libjvm.dylib at 0x000000010ecc7000
R12=0x0000000000000000 is an unknown value
R13={method} {0x000000012972c5b0} 'callI' '(J)I' in 'org/lwjgl/system/JNI'
R14=0x000070000a1c87b0 is pointing into the stack for thread: 0x00007fcd032e3800
R15=0x00007fcd032e3800 is a thread


Stack: [0x000070000a0c9000,0x000070000a1c9000],  sp=0x000070000a1c8720,  free space=1021k
Native frames: (J=compiled Java code, j=interpreted, Vv=VM code, C=native code)
C  [libGL.dylib+0x1a07]  glGetError+0xd
j  org.lwjgl.system.JNI.callI(J)I+0
j  org.lwjgl.opengl.GL.createCapabilities(Z)Lorg/lwjgl/opengl/GLCapabilities;+68
j  org.lwjgl.opengl.GL.createCapabilities()Lorg/lwjgl/opengl/GLCapabilities;+1
j  game.entity.render.RenderManager$1.run()V+0
v  ~StubRoutines::call_stub
V  [libjvm.dylib+0x2ed9d6]  JavaCalls::call_helper(JavaValue*, methodHandle*, JavaCallArguments*, Thread*)+0x6ae
V  [libjvm.dylib+0x2ee164]  JavaCalls::call_virtual(JavaValue*, KlassHandle, Symbol*, Symbol*, JavaCallArguments*, Thread*)+0x164
V  [libjvm.dylib+0x2ee310]  JavaCalls::call_virtual(JavaValue*, Handle, KlassHandle, Symbol*, Symbol*, Thread*)+0x4a
V  [libjvm.dylib+0x348a5d]  thread_entry(JavaThread*, Thread*)+0x7c
V  [libjvm.dylib+0x56ab0f]  JavaThread::thread_main_inner()+0x9b
V  [libjvm.dylib+0x56c1fc]  JavaThread::run()+0x1c2
V  [libjvm.dylib+0x48a5b2]  java_start(Thread*)+0xf6
C  [libsystem_pthread.dylib+0x3aab]  _pthread_body+0xb4
C  [libsystem_pthread.dylib+0x39f7]  _pthread_body+0x0
C  [libsystem_pthread.dylib+0x31fd]  thread_start+0xd
C  0x0000000000000000

Java frames: (J=compiled Java code, j=interpreted, Vv=VM code)
j  org.lwjgl.system.JNI.callI(J)I+0
j  org.lwjgl.opengl.GL.createCapabilities(Z)Lorg/lwjgl/opengl/GLCapabilities;+68
j  org.lwjgl.opengl.GL.createCapabilities()Lorg/lwjgl/opengl/GLCapabilities;+1
j  game.entity.render.RenderManager$1.run()V+0
v  ~StubRoutines::call_stub

---------------  P R O C E S S  ---------------

Java Threads: ( => current thread )
  0x00007fcd04809800 JavaThread "DestroyJavaVM" [_thread_blocked, id=775, stack(0x00007fff507b6000,0x00007fff50fb6000)]
=>0x00007fcd032e3800 JavaThread "Main Renderer" [_thread_in_native, id=45899, stack(0x000070000a0c9000,0x000070000a1c9000)]
  0x00007fcd03867000 JavaThread "Service Thread" daemon [_thread_blocked, id=17923, stack(0x0000700009e40000,0x0000700009f40000)]
  0x00007fcd0383e800 JavaThread "C1 CompilerThread2" daemon [_thread_blocked, id=17411, stack(0x0000700009d3d000,0x0000700009e3d000)]
  0x00007fcd0383d800 JavaThread "C2 CompilerThread1" daemon [_thread_blocked, id=16899, stack(0x0000700009c3a000,0x0000700009d3a000)]
  0x00007fcd0383c000 JavaThread "C2 CompilerThread0" daemon [_thread_blocked, id=16387, stack(0x0000700009b37000,0x0000700009c37000)]
  0x00007fcd03800800 JavaThread "Signal Dispatcher" daemon [_thread_blocked, id=15879, stack(0x0000700009a34000,0x0000700009b34000)]
  0x00007fcd03017000 JavaThread "Finalizer" daemon [_thread_blocked, id=11779, stack(0x0000700009931000,0x0000700009a31000)]
  0x00007fcd0300e800 JavaThread "Reference Handler" daemon [_thread_blocked, id=11267, stack(0x000070000982e000,0x000070000992e000)]

Other Threads:
  0x00007fcd04846800 VMThread [stack: 0x000070000972b000,0x000070000982b000] [id=10755]
  0x00007fcd0486d000 WatcherThread [stack: 0x0000700009f43000,0x000070000a043000] [id=18435]

VM state:not at safepoint (normal execution)

VM Mutex/Monitor currently owned by a thread: None

Heap:
 PSYoungGen      total 76288K, used 13131K [0x000000076ab00000, 0x0000000770000000, 0x00000007c0000000)
  eden space 65536K, 20% used [0x000000076ab00000,0x000000076b7d2ef0,0x000000076eb00000)
  from space 10752K, 0% used [0x000000076f580000,0x000000076f580000,0x0000000770000000)
  to   space 10752K, 0% used [0x000000076eb00000,0x000000076eb00000,0x000000076f580000)
 ParOldGen       total 175104K, used 0K [0x00000006c0000000, 0x00000006cab00000, 0x000000076ab00000)
  object space 175104K, 0% used [0x00000006c0000000,0x00000006c0000000,0x00000006cab00000)
 Metaspace       used 5400K, capacity 5532K, committed 5760K, reserved 1056768K
  class space    used 573K, capacity 638K, committed 640K, reserved 1048576K

Card table byte_map: [0x00000001109c0000,0x00000001111c1000] byte_map_base: 0x000000010d3c0000

Marking Bits: (ParMarkBitMap*) 0x000000010f5b7d30
 Begin Bits: [0x0000000120aa5000, 0x0000000124aa5000)
 End Bits:   [0x0000000124aa5000, 0x0000000128aa5000)

Polling page: 0x000000010fcad000

CodeCache: size=245760Kb used=2477Kb max_used=2484Kb free=243282Kb
 bounds [0x000000011154f000, 0x00000001117bf000, 0x000000012054f000]
 total_blobs=1175 nmethods=512 adapters=577
 compilation: enabled

Compilation events (10 events):
Event: 0.555 Thread 0x00007fcd0383e800 nmethod 509 0x00000001117b8790 code [0x00000001117b88e0, 0x00000001117b8a10]
Event: 0.555 Thread 0x00007fcd0383e800  508       3       java.nio.DirectByteBuffer::ix (10 bytes)
Event: 0.555 Thread 0x00007fcd0383e800 nmethod 508 0x00000001117b8a90 code [0x00000001117b8be0, 0x00000001117b8d30]
Event: 0.557 Thread 0x00007fcd0383e800  510       3       java.lang.Character::digit (10 bytes)
Event: 0.557 Thread 0x00007fcd0383d800 nmethod 506 0x00000001117bbd50 code [0x00000001117bbec0, 0x00000001117bc278]
Event: 0.557 Thread 0x00007fcd0383e800 nmethod 510 0x00000001117bb8d0 code [0x00000001117bba40, 0x00000001117bbc78]
Event: 0.557 Thread 0x00007fcd0383e800  511       3       java.lang.CharacterDataLatin1::digit (91 bytes)
Event: 0.557 Thread 0x00007fcd0383e800 nmethod 511 0x00000001117bb250 code [0x00000001117bb3e0, 0x00000001117bb770]
Event: 0.558 Thread 0x00007fcd0383e800  512       3       java.io.File::exists (43 bytes)
Event: 0.559 Thread 0x00007fcd0383e800 nmethod 512 0x00000001117ba8d0 code [0x00000001117baa80, 0x00000001117baf08]

GC Heap History (0 events):
No events

Deoptimization events (2 events):
Event: 0.131 Thread 0x00007fcd04809800 Uncommon trap: reason=unstable_if action=reinterpret pc=0x000000011165abe8 method=java.lang.String.hashCode()I @ 14
Event: 0.229 Thread 0x00007fcd04809800 Uncommon trap: reason=unstable_if action=reinterpret pc=0x0000000111673e44 method=java.lang.String.indexOf(II)I @ 49

Internal exceptions (10 events):
Event: 0.220 Thread 0x00007fcd04809800 Exception <a 'java/security/PrivilegedActionException'> (0x000000076aeec3a8) thrown at [/Users/java_re/workspace/8-2-build-macosx-x86_64/jdk8u121/8372/hotspot/src/share/vm/prims/jvm.cpp, line 1390]
Event: 0.262 Thread 0x00007fcd04809800 Exception <a 'java/lang/NoSuchFieldError': method resolution failed> (0x000000076afc4790) thrown at [/Users/java_re/workspace/8-2-build-macosx-x86_64/jdk8u121/8372/hotspot/src/share/vm/prims/methodHandles.cpp, line 1146]
Event: 0.264 Thread 0x00007fcd04809800 Exception <a 'java/lang/NoSuchFieldError': method resolution failed> (0x000000076afd1b10) thrown at [/Users/java_re/workspace/8-2-build-macosx-x86_64/jdk8u121/8372/hotspot/src/share/vm/prims/methodHandles.cpp, line 1146]
Event: 0.463 Thread 0x00007fcd04809800 Exception <a 'sun/nio/fs/UnixException'> (0x000000076b46c938) thrown at [/Users/java_re/workspace/8-2-build-macosx-x86_64/jdk8u121/8372/hotspot/src/share/vm/prims/jni.cpp, line 709]
Event: 0.463 Thread 0x00007fcd04809800 Exception <a 'sun/nio/fs/UnixException'> (0x000000076b46e0a0) thrown at [/Users/java_re/workspace/8-2-build-macosx-x86_64/jdk8u121/8372/hotspot/src/share/vm/prims/jni.cpp, line 709]
Event: 0.464 Thread 0x00007fcd04809800 Exception <a 'sun/nio/fs/UnixException'> (0x000000076b46e900) thrown at [/Users/java_re/workspace/8-2-build-macosx-x86_64/jdk8u121/8372/hotspot/src/share/vm/prims/jni.cpp, line 709]
Event: 0.464 Thread 0x00007fcd04809800 Exception <a 'sun/nio/fs/UnixException'> (0x000000076b46f188) thrown at [/Users/java_re/workspace/8-2-build-macosx-x86_64/jdk8u121/8372/hotspot/src/share/vm/prims/jni.cpp, line 709]
Event: 0.464 Thread 0x00007fcd04809800 Exception <a 'sun/nio/fs/UnixException'> (0x000000076b46fa18) thrown at [/Users/java_re/workspace/8-2-build-macosx-x86_64/jdk8u121/8372/hotspot/src/share/vm/prims/jni.cpp, line 709]
Event: 0.464 Thread 0x00007fcd04809800 Exception <a 'sun/nio/fs/UnixException'> (0x000000076b470178) thrown at [/Users/java_re/workspace/8-2-build-macosx-x86_64/jdk8u121/8372/hotspot/src/share/vm/prims/jni.cpp, line 709]
Event: 0.464 Thread 0x00007fcd04809800 Exception <a 'sun/nio/fs/UnixException'> (0x000000076b4707f0) thrown at [/Users/java_re/workspace/8-2-build-macosx-x86_64/jdk8u121/8372/hotspot/src/share/vm/prims/jni.cpp, line 709]

Events (10 events):
Event: 0.557 loading class org/lwjgl/opengl/GL$4
Event: 0.557 loading class org/lwjgl/opengl/GL$4 done
Event: 0.558 loading class org/lwjgl/system/macosx/CoreFoundation
Event: 0.558 loading class org/lwjgl/system/macosx/CoreFoundation done
Event: 0.558 loading class org/lwjgl/opengl/GL$3
Event: 0.558 loading class org/lwjgl/opengl/GL$3 done
Event: 0.559 loading class org/lwjgl/opengl/GL$SharedLibraryGL
Event: 0.559 loading class org/lwjgl/opengl/GL$SharedLibraryGL done
Event: 0.559 loading class org/lwjgl/system/SharedLibrary$Delegate
Event: 0.559 loading class org/lwjgl/system/SharedLibrary$Delegate done


Dynamic libraries:
0x0000000053638000 	/System/Library/Frameworks/Cocoa.framework/Versions/A/Cocoa
0x0000000053638000 	/System/Library/Frameworks/Security.framework/Versions/A/Security
0x0000000053638000 	/System/Library/Frameworks/ApplicationServices.framework/Versions/A/ApplicationServices
0x0000000053638000 	/usr/lib/libz.1.dylib
0x0000000053638000 	/usr/lib/libSystem.B.dylib
0x0000000053638000 	/usr/lib/libobjc.A.dylib
0x0000000053638000 	/System/Library/Frameworks/CoreFoundation.framework/Versions/A/CoreFoundation
0x0000000053638000 	/System/Library/Frameworks/Foundation.framework/Versions/C/Foundation
0x0000000053638000 	/System/Library/Frameworks/AppKit.framework/Versions/C/AppKit
0x0000000053638000 	/System/Library/Frameworks/CoreData.framework/Versions/A/CoreData
0x0000000053638000 	/System/Library/PrivateFrameworks/RemoteViewServices.framework/Versions/A/RemoteViewServices
0x0000000053638000 	/System/Library/PrivateFrameworks/UIFoundation.framework/Versions/A/UIFoundation
0x0000000053638000 	/System/Library/PrivateFrameworks/DFRFoundation.framework/Versions/A/DFRFoundation
0x0000000053638000 	/usr/lib/libenergytrace.dylib
0x0000000053638000 	/System/Library/PrivateFrameworks/SkyLight.framework/Versions/A/SkyLight
0x0000000053638000 	/System/Library/Frameworks/CoreGraphics.framework/Versions/A/CoreGraphics
0x0000000053638000 	/usr/lib/libScreenReader.dylib
0x0000000053638000 	/System/Library/Frameworks/Accelerate.framework/Versions/A/Accelerate
0x0000000053638000 	/System/Library/Frameworks/IOSurface.framework/Versions/A/IOSurface
0x0000000053638000 	/System/Library/Frameworks/AudioToolbox.framework/Versions/A/AudioToolbox
0x0000000053638000 	/System/Library/Frameworks/AudioUnit.framework/Versions/A/AudioUnit
0x0000000053638000 	/System/Library/PrivateFrameworks/DataDetectorsCore.framework/Versions/A/DataDetectorsCore
0x0000000053638000 	/System/Library/PrivateFrameworks/DesktopServicesPriv.framework/Versions/A/DesktopServicesPriv
0x0000000053638000 	/System/Library/Frameworks/Carbon.framework/Versions/A/Frameworks/HIToolbox.framework/Versions/A/HIToolbox
0x0000000053638000 	/usr/lib/libicucore.A.dylib
0x0000000053638000 	/System/Library/Frameworks/QuartzCore.framework/Versions/A/QuartzCore
0x0000000053638000 	/System/Library/Frameworks/Carbon.framework/Versions/A/Frameworks/SpeechRecognition.framework/Versions/A/SpeechRecognition
0x0000000053638000 	/usr/lib/libauto.dylib
0x0000000053638000 	/usr/lib/libxml2.2.dylib
0x0000000053638000 	/System/Library/PrivateFrameworks/CoreUI.framework/Versions/A/CoreUI
0x0000000053638000 	/System/Library/Frameworks/CoreAudio.framework/Versions/A/CoreAudio
0x0000000053638000 	/System/Library/Frameworks/DiskArbitration.framework/Versions/A/DiskArbitration
0x0000000053638000 	/usr/lib/liblangid.dylib
0x0000000053638000 	/System/Library/PrivateFrameworks/MultitouchSupport.framework/Versions/A/MultitouchSupport
0x0000000053638000 	/System/Library/Frameworks/IOKit.framework/Versions/A/IOKit
0x0000000053638000 	/usr/lib/libDiagnosticMessagesClient.dylib
0x0000000053638000 	/System/Library/Frameworks/CoreServices.framework/Versions/A/CoreServices
0x0000000053638000 	/System/Library/PrivateFrameworks/PerformanceAnalysis.framework/Versions/A/PerformanceAnalysis
0x0000000053638000 	/System/Library/PrivateFrameworks/GenerationalStorage.framework/Versions/A/GenerationalStorage
0x0000000053638000 	/System/Library/Frameworks/OpenGL.framework/Versions/A/OpenGL
0x0000000053638000 	/System/Library/Frameworks/CoreImage.framework/Versions/A/CoreImage
0x0000000053638000 	/System/Library/Frameworks/CoreText.framework/Versions/A/CoreText
0x0000000053638000 	/System/Library/Frameworks/ImageIO.framework/Versions/A/ImageIO
0x0000000053638000 	/System/Library/PrivateFrameworks/Backup.framework/Versions/A/Backup
0x0000000053638000 	/usr/lib/libarchive.2.dylib
0x0000000053638000 	/System/Library/Frameworks/CFNetwork.framework/Versions/A/CFNetwork
0x0000000053638000 	/System/Library/Frameworks/SystemConfiguration.framework/Versions/A/SystemConfiguration
0x0000000053638000 	/usr/lib/libCRFSuite.dylib
0x0000000053638000 	/usr/lib/libc++.1.dylib
0x0000000053638000 	/usr/lib/libc++abi.dylib
0x0000000053638000 	/usr/lib/system/libcache.dylib
0x0000000053638000 	/usr/lib/system/libcommonCrypto.dylib
0x0000000053638000 	/usr/lib/system/libcompiler_rt.dylib
0x0000000053638000 	/usr/lib/system/libcopyfile.dylib
0x0000000053638000 	/usr/lib/system/libcorecrypto.dylib
0x0000000053638000 	/usr/lib/system/libdispatch.dylib
0x0000000053638000 	/usr/lib/system/libdyld.dylib
0x0000000053638000 	/usr/lib/system/libkeymgr.dylib
0x0000000053638000 	/usr/lib/system/liblaunch.dylib
0x0000000053638000 	/usr/lib/system/libmacho.dylib
0x0000000053638000 	/usr/lib/system/libquarantine.dylib
0x0000000053638000 	/usr/lib/system/libremovefile.dylib
0x0000000053638000 	/usr/lib/system/libsystem_asl.dylib
0x0000000053638000 	/usr/lib/system/libsystem_blocks.dylib
0x0000000053638000 	/usr/lib/system/libsystem_c.dylib
0x0000000053638000 	/usr/lib/system/libsystem_configuration.dylib
0x0000000053638000 	/usr/lib/system/libsystem_coreservices.dylib
0x0000000053638000 	/usr/lib/system/libsystem_coretls.dylib
0x0000000053638000 	/usr/lib/system/libsystem_dnssd.dylib
0x0000000053638000 	/usr/lib/system/libsystem_info.dylib
0x0000000053638000 	/usr/lib/system/libsystem_kernel.dylib
0x0000000053638000 	/usr/lib/system/libsystem_m.dylib
0x0000000053638000 	/usr/lib/system/libsystem_malloc.dylib
0x0000000053638000 	/usr/lib/system/libsystem_network.dylib
0x0000000053638000 	/usr/lib/system/libsystem_networkextension.dylib
0x0000000053638000 	/usr/lib/system/libsystem_notify.dylib
0x0000000053638000 	/usr/lib/system/libsystem_platform.dylib
0x0000000053638000 	/usr/lib/system/libsystem_pthread.dylib
0x0000000053638000 	/usr/lib/system/libsystem_sandbox.dylib
0x0000000053638000 	/usr/lib/system/libsystem_secinit.dylib
0x0000000053638000 	/usr/lib/system/libsystem_symptoms.dylib
0x0000000053638000 	/usr/lib/system/libsystem_trace.dylib
0x0000000053638000 	/usr/lib/system/libunwind.dylib
0x0000000053638000 	/usr/lib/system/libxpc.dylib
0x0000000053638000 	/usr/lib/libbsm.0.dylib
0x0000000053638000 	/usr/lib/system/libkxld.dylib
0x0000000053638000 	/usr/lib/libcoretls.dylib
0x0000000053638000 	/usr/lib/libcoretls_cfhelpers.dylib
0x0000000053638000 	/usr/lib/libxar.1.dylib
0x0000000053638000 	/usr/lib/libsqlite3.dylib
0x0000000053638000 	/usr/lib/libpam.2.dylib
0x0000000053638000 	/usr/lib/libOpenScriptingUtil.dylib
0x0000000053638000 	/usr/lib/libbz2.1.0.dylib
0x0000000053638000 	/usr/lib/liblzma.5.dylib
0x0000000053638000 	/usr/lib/libnetwork.dylib
0x0000000053638000 	/usr/lib/libpcap.A.dylib
0x0000000053638000 	/System/Library/Frameworks/CoreServices.framework/Versions/A/Frameworks/FSEvents.framework/Versions/A/FSEvents
0x0000000053638000 	/System/Library/Frameworks/CoreServices.framework/Versions/A/Frameworks/CarbonCore.framework/Versions/A/CarbonCore
0x0000000053638000 	/System/Library/Frameworks/CoreServices.framework/Versions/A/Frameworks/Metadata.framework/Versions/A/Metadata
0x0000000053638000 	/System/Library/Frameworks/CoreServices.framework/Versions/A/Frameworks/OSServices.framework/Versions/A/OSServices
0x0000000053638000 	/System/Library/Frameworks/CoreServices.framework/Versions/A/Frameworks/SearchKit.framework/Versions/A/SearchKit
0x0000000053638000 	/System/Library/Frameworks/CoreServices.framework/Versions/A/Frameworks/AE.framework/Versions/A/AE
0x0000000053638000 	/System/Library/Frameworks/CoreServices.framework/Versions/A/Frameworks/LaunchServices.framework/Versions/A/LaunchServices
0x0000000053638000 	/System/Library/Frameworks/CoreServices.framework/Versions/A/Frameworks/DictionaryServices.framework/Versions/A/DictionaryServices
0x0000000053638000 	/System/Library/Frameworks/CoreServices.framework/Versions/A/Frameworks/SharedFileList.framework/Versions/A/SharedFileList
0x0000000053638000 	/System/Library/Frameworks/NetFS.framework/Versions/A/NetFS
0x0000000053638000 	/System/Library/PrivateFrameworks/NetAuth.framework/Versions/A/NetAuth
0x0000000053638000 	/System/Library/PrivateFrameworks/login.framework/Versions/A/Frameworks/loginsupport.framework/Versions/A/loginsupport
0x0000000053638000 	/System/Library/PrivateFrameworks/TCC.framework/Versions/A/TCC
0x0000000053638000 	/usr/lib/libmecabra.dylib
0x0000000053638000 	/System/Library/Frameworks/ApplicationServices.framework/Versions/A/Frameworks/ATS.framework/Versions/A/ATS
0x0000000053638000 	/System/Library/Frameworks/ApplicationServices.framework/Versions/A/Frameworks/ColorSync.framework/Versions/A/ColorSync
0x0000000053638000 	/System/Library/Frameworks/ApplicationServices.framework/Versions/A/Frameworks/HIServices.framework/Versions/A/HIServices
0x0000000053638000 	/System/Library/Frameworks/ApplicationServices.framework/Versions/A/Frameworks/LangAnalysis.framework/Versions/A/LangAnalysis
0x0000000053638000 	/System/Library/Frameworks/ApplicationServices.framework/Versions/A/Frameworks/PrintCore.framework/Versions/A/PrintCore
0x0000000053638000 	/System/Library/Frameworks/ApplicationServices.framework/Versions/A/Frameworks/QD.framework/Versions/A/QD
0x0000000053638000 	/System/Library/Frameworks/ApplicationServices.framework/Versions/A/Frameworks/SpeechSynthesis.framework/Versions/A/SpeechSynthesis
0x0000000053638000 	/System/Library/Frameworks/Accelerate.framework/Versions/A/Frameworks/vImage.framework/Versions/A/vImage
0x0000000053638000 	/System/Library/Frameworks/Accelerate.framework/Versions/A/Frameworks/vecLib.framework/Versions/A/vecLib
0x0000000053638000 	/System/Library/Frameworks/Accelerate.framework/Versions/A/Frameworks/vecLib.framework/Versions/A/libvDSP.dylib
0x0000000053638000 	/System/Library/Frameworks/Accelerate.framework/Versions/A/Frameworks/vecLib.framework/Versions/A/libBNNS.dylib
0x0000000053638000 	/System/Library/Frameworks/Accelerate.framework/Versions/A/Frameworks/vecLib.framework/Versions/A/libQuadrature.dylib
0x0000000053638000 	/System/Library/Frameworks/Accelerate.framework/Versions/A/Frameworks/vecLib.framework/Versions/A/libvMisc.dylib
0x0000000053638000 	/System/Library/Frameworks/Accelerate.framework/Versions/A/Frameworks/vecLib.framework/Versions/A/libLAPACK.dylib
0x0000000053638000 	/System/Library/Frameworks/Accelerate.framework/Versions/A/Frameworks/vecLib.framework/Versions/A/libBLAS.dylib
0x0000000053638000 	/System/Library/Frameworks/Accelerate.framework/Versions/A/Frameworks/vecLib.framework/Versions/A/libLinearAlgebra.dylib
0x0000000053638000 	/System/Library/Frameworks/Accelerate.framework/Versions/A/Frameworks/vecLib.framework/Versions/A/libSparseBLAS.dylib
0x0000000053638000 	/System/Library/Frameworks/ApplicationServices.framework/Versions/A/Frameworks/ATS.framework/Versions/A/Resources/libFontParser.dylib
0x0000000053638000 	/System/Library/Frameworks/ApplicationServices.framework/Versions/A/Frameworks/ATS.framework/Versions/A/Resources/libFontRegistry.dylib
0x0000000053638000 	/System/Library/Frameworks/ImageIO.framework/Versions/A/Resources/libJPEG.dylib
0x0000000053638000 	/System/Library/Frameworks/ImageIO.framework/Versions/A/Resources/libTIFF.dylib
0x0000000053638000 	/System/Library/Frameworks/ImageIO.framework/Versions/A/Resources/libPng.dylib
0x0000000053638000 	/System/Library/Frameworks/ImageIO.framework/Versions/A/Resources/libGIF.dylib
0x0000000053638000 	/System/Library/Frameworks/ImageIO.framework/Versions/A/Resources/libJP2.dylib
0x0000000053638000 	/System/Library/Frameworks/ImageIO.framework/Versions/A/Resources/libRadiance.dylib
0x0000000053638000 	/usr/lib/libcompression.dylib
0x0000000053638000 	/System/Library/PrivateFrameworks/AppleJPEG.framework/Versions/A/AppleJPEG
0x0000000053638000 	/usr/lib/libcups.2.dylib
0x0000000053638000 	/System/Library/Frameworks/Kerberos.framework/Versions/A/Kerberos
0x0000000053638000 	/System/Library/Frameworks/GSS.framework/Versions/A/GSS
0x0000000053638000 	/usr/lib/libresolv.9.dylib
0x0000000053638000 	/usr/lib/libiconv.2.dylib
0x0000000053638000 	/System/Library/PrivateFrameworks/Heimdal.framework/Versions/A/Heimdal
0x0000000053638000 	/usr/lib/libheimdal-asn1.dylib
0x0000000053638000 	/System/Library/Frameworks/OpenDirectory.framework/Versions/A/OpenDirectory
0x0000000053638000 	/System/Library/PrivateFrameworks/CommonAuth.framework/Versions/A/CommonAuth
0x0000000053638000 	/System/Library/Frameworks/OpenDirectory.framework/Versions/A/Frameworks/CFOpenDirectory.framework/Versions/A/CFOpenDirectory
0x0000000053638000 	/System/Library/Frameworks/SecurityFoundation.framework/Versions/A/SecurityFoundation
0x0000000053638000 	/System/Library/PrivateFrameworks/LanguageModeling.framework/Versions/A/LanguageModeling
0x0000000053638000 	/usr/lib/libmarisa.dylib
0x0000000053638000 	/usr/lib/libChineseTokenizer.dylib
0x0000000053638000 	/usr/lib/libcmph.dylib
0x0000000053638000 	/System/Library/PrivateFrameworks/CoreEmoji.framework/Versions/A/CoreEmoji
0x0000000053638000 	/System/Library/Frameworks/ServiceManagement.framework/Versions/A/ServiceManagement
0x0000000053638000 	/usr/lib/libxslt.1.dylib
0x0000000053638000 	/System/Library/Frameworks/Carbon.framework/Versions/A/Frameworks/Ink.framework/Versions/A/Ink
0x0000000053638000 	/System/Library/PrivateFrameworks/TextureIO.framework/Versions/A/TextureIO
0x0000000053638000 	/System/Library/Frameworks/Metal.framework/Versions/A/Metal
0x0000000053638000 	/usr/lib/libate.dylib
0x0000000053638000 	/System/Library/PrivateFrameworks/GPUCompiler.framework/libmetal_timestamp.dylib
0x0000000053638000 	/System/Library/Frameworks/OpenGL.framework/Versions/A/Libraries/libCoreFSCache.dylib
0x0000000053638000 	/System/Library/PrivateFrameworks/IOAccelerator.framework/Versions/A/IOAccelerator
0x0000000053638000 	/System/Library/Frameworks/CoreVideo.framework/Versions/A/CoreVideo
0x0000000053638000 	/usr/lib/libFosl_dynamic.dylib
0x0000000053638000 	/System/Library/PrivateFrameworks/MetalPerformanceShaders.framework/Versions/A/MetalPerformanceShaders
0x0000000053638000 	/System/Library/PrivateFrameworks/FaceCore.framework/Versions/A/FaceCore
0x0000000053638000 	/System/Library/Frameworks/OpenCL.framework/Versions/A/OpenCL
0x0000000053638000 	/System/Library/Frameworks/OpenGL.framework/Versions/A/Libraries/libGLU.dylib
0x0000000053638000 	/System/Library/Frameworks/OpenGL.framework/Versions/A/Libraries/libGFXShared.dylib
0x0000000053638000 	/System/Library/Frameworks/OpenGL.framework/Versions/A/Libraries/libGL.dylib
0x0000000053638000 	/System/Library/Frameworks/OpenGL.framework/Versions/A/Libraries/libGLImage.dylib
0x0000000053638000 	/System/Library/Frameworks/OpenGL.framework/Versions/A/Libraries/libCVMSPluginSupport.dylib
0x0000000053638000 	/System/Library/Frameworks/OpenGL.framework/Versions/A/Libraries/libCoreVMClient.dylib
0x0000000053638000 	/System/Library/PrivateFrameworks/CrashReporterSupport.framework/Versions/A/CrashReporterSupport
0x0000000053638000 	/System/Library/PrivateFrameworks/Sharing.framework/Versions/A/Sharing
0x0000000053638000 	/System/Library/PrivateFrameworks/IconServices.framework/Versions/A/IconServices
0x0000000053638000 	/System/Library/PrivateFrameworks/ProtocolBuffer.framework/Versions/A/ProtocolBuffer
0x0000000053638000 	/System/Library/PrivateFrameworks/Apple80211.framework/Versions/A/Apple80211
0x0000000053638000 	/System/Library/Frameworks/CoreWLAN.framework/Versions/A/CoreWLAN
0x0000000053638000 	/System/Library/PrivateFrameworks/CoreUtils.framework/Versions/A/CoreUtils
0x0000000053638000 	/System/Library/Frameworks/IOBluetooth.framework/Versions/A/IOBluetooth
0x0000000053638000 	/System/Library/PrivateFrameworks/CoreWiFi.framework/Versions/A/CoreWiFi
0x0000000053638000 	/System/Library/Frameworks/CoreBluetooth.framework/Versions/A/CoreBluetooth
0x0000000053638000 	/System/Library/Frameworks/CoreDisplay.framework/Versions/A/CoreDisplay
0x0000000053638000 	/System/Library/PrivateFrameworks/IOPresentment.framework/Versions/A/IOPresentment
0x0000000053638000 	/System/Library/PrivateFrameworks/DebugSymbols.framework/Versions/A/DebugSymbols
0x0000000053638000 	/System/Library/PrivateFrameworks/CoreSymbolication.framework/Versions/A/CoreSymbolication
0x0000000053638000 	/System/Library/PrivateFrameworks/Symbolication.framework/Versions/A/Symbolication
0x0000000053638000 	/System/Library/PrivateFrameworks/AppleFSCompression.framework/Versions/A/AppleFSCompression
0x0000000053638000 	/System/Library/PrivateFrameworks/SpeechRecognitionCore.framework/Versions/A/SpeechRecognitionCore
0x0000000053638000 	/System/Library/PrivateFrameworks/ChunkingLibrary.framework/Versions/A/ChunkingLibrary
0x000000010ecc7000 	/Library/Java/JavaVirtualMachines/jdk1.8.0_121.jdk/Contents/Home/jre/lib/server/libjvm.dylib
0x0000000053638000 	/usr/lib/libstdc++.6.dylib
0x000000010fc6a000 	/Library/Java/JavaVirtualMachines/jdk1.8.0_121.jdk/Contents/Home/jre/lib/libverify.dylib
0x000000010fc78000 	/Library/Java/JavaVirtualMachines/jdk1.8.0_121.jdk/Contents/Home/jre/lib/libjava.dylib
0x000000010fcb6000 	/Library/Java/JavaVirtualMachines/jdk1.8.0_121.jdk/Contents/Home/jre/lib/libzip.dylib
0x000000010fde4000 	/System/Library/Frameworks/JavaVM.framework/Frameworks/JavaRuntimeSupport.framework/JavaRuntimeSupport
0x000000012a9a5000 	/System/Library/Frameworks/JavaVM.framework/Versions/A/Frameworks/JavaNativeFoundation.framework/Versions/A/JavaNativeFoundation
0x000000012a9ba000 	/System/Library/Frameworks/JavaVM.framework/Versions/A/JavaVM
0x0000000053638000 	/System/Library/Frameworks/Carbon.framework/Versions/A/Carbon
0x000000012a9c7000 	/System/Library/PrivateFrameworks/JavaLaunching.framework/Versions/A/JavaLaunching
0x0000000053638000 	/System/Library/Frameworks/Carbon.framework/Versions/A/Frameworks/CommonPanels.framework/Versions/A/CommonPanels
0x0000000053638000 	/System/Library/Frameworks/Carbon.framework/Versions/A/Frameworks/Help.framework/Versions/A/Help
0x0000000053638000 	/System/Library/Frameworks/Carbon.framework/Versions/A/Frameworks/ImageCapture.framework/Versions/A/ImageCapture
0x0000000053638000 	/System/Library/Frameworks/Carbon.framework/Versions/A/Frameworks/OpenScripting.framework/Versions/A/OpenScripting
0x0000000053638000 	/System/Library/Frameworks/Carbon.framework/Versions/A/Frameworks/Print.framework/Versions/A/Print
0x0000000053638000 	/System/Library/Frameworks/Carbon.framework/Versions/A/Frameworks/SecurityHI.framework/Versions/A/SecurityHI
0x000000012c3a6000 	/Library/Java/JavaVirtualMachines/jdk1.8.0_121.jdk/Contents/Home/jre/lib/libnio.dylib
0x000000012c3b6000 	/Library/Java/JavaVirtualMachines/jdk1.8.0_121.jdk/Contents/Home/jre/lib/./libnet.dylib
0x000000012c415000 	/private/var/folders/zx/vq73j1ld5m3801h4llh383h40000gn/T/lwjglcompsci/3.1.1-build-16/liblwjgl.dylib
0x000000012c491000 	/var/folders/zx/vq73j1ld5m3801h4llh383h40000gn/T/lwjglcompsci/3.1.1-build-16/libjemalloc.dylib
0x000000012c599000 	/var/folders/zx/vq73j1ld5m3801h4llh383h40000gn/T/lwjglcompsci/3.1.1-build-16/libglfw.dylib
0x0000000053638000 	/System/Library/PrivateFrameworks/CoreServicesInternal.framework/Versions/A/CoreServicesInternal
0x0000000053638000 	/System/Library/PrivateFrameworks/FamilyControls.framework/Versions/A/FamilyControls
0x0000000053638000 	/System/Library/PrivateFrameworks/CommerceKit.framework/Versions/A/Frameworks/CommerceCore.framework/Versions/A/CommerceCore
0x0000000053638000 	/System/Library/PrivateFrameworks/SystemAdministration.framework/Versions/A/SystemAdministration
0x0000000053638000 	/System/Library/PrivateFrameworks/AppContainer.framework/Versions/A/AppContainer
0x0000000053638000 	/System/Library/PrivateFrameworks/SecCodeWrapper.framework/Versions/A/SecCodeWrapper
0x0000000053638000 	/System/Library/Frameworks/DirectoryService.framework/Versions/A/DirectoryService
0x0000000053638000 	/System/Library/PrivateFrameworks/DiskImages.framework/Versions/A/DiskImages
0x0000000053638000 	/System/Library/PrivateFrameworks/LoginUIKit.framework/Versions/A/Frameworks/LoginUICore.framework/Versions/A/LoginUICore
0x0000000053638000 	/usr/lib/libCoreStorage.dylib
0x0000000053638000 	/usr/lib/libcsfde.dylib
0x0000000053638000 	/usr/lib/libodfde.dylib
0x0000000053638000 	/System/Library/Frameworks/DiscRecording.framework/Versions/A/DiscRecording
0x0000000053638000 	/usr/lib/libcurl.4.dylib
0x0000000053638000 	/System/Library/PrivateFrameworks/MediaKit.framework/Versions/A/MediaKit
0x0000000053638000 	/System/Library/PrivateFrameworks/ProtectedCloudStorage.framework/Versions/A/ProtectedCloudStorage
0x0000000053638000 	/System/Library/PrivateFrameworks/EFILogin.framework/Versions/A/EFILogin
0x0000000053638000 	/usr/lib/libutil.dylib
0x0000000053638000 	/System/Library/Frameworks/LDAP.framework/Versions/A/LDAP
0x0000000053638000 	/usr/lib/libsasl2.2.dylib
0x0000000053638000 	/System/Library/PrivateFrameworks/CoreDaemon.framework/Versions/B/CoreDaemon
0x0000000053638000 	/System/Library/PrivateFrameworks/AppleSRP.framework/Versions/A/AppleSRP
0x0000000053638000 	/System/Library/PrivateFrameworks/APFS.framework/Versions/A/APFS
0x0000000053638000 	/System/Library/Frameworks/Accelerate.framework/Versions/A/Frameworks/vImage.framework/Versions/A/Libraries/libCGInterfaces.dylib
0x0000000053638000 	/System/Library/Frameworks/OpenGL.framework/Versions/A/Resources/GLEngine.bundle/GLEngine
0x0000000053638000 	/System/Library/Frameworks/OpenGL.framework/Versions/A/Libraries/libGLProgrammability.dylib
0x000000012e5ba000 	/System/Library/Extensions/AppleIntelBDWGraphicsGLDriver.bundle/Contents/MacOS/AppleIntelBDWGraphicsGLDriver
0x0000000053638000 	/System/Library/PrivateFrameworks/GPUSupport.framework/Versions/A/Libraries/libGPUSupportMercury.dylib
0x0000000053638000 	/System/Library/Frameworks/OpenGL.framework/Versions/A/Resources/GLRendererFloat.bundle/GLRendererFloat
0x0000000053638000 	/System/Library/Frameworks/OpenCL.framework/Versions/A/Libraries/libcldcpuengine.dylib
0x0000000053638000 	/usr/lib/libcrypto.0.9.8.dylib
0x0000000053638000 	/System/Library/PrivateFrameworks/TrustEvaluationAgent.framework/Versions/A/TrustEvaluationAgent
0x0000000053638000 	/System/Library/Frameworks/ApplicationServices.framework/Versions/A/Frameworks/ATS.framework/Versions/A/Resources/libTrueTypeScaler.dylib
0x0000000130908000 	/private/var/folders/zx/vq73j1ld5m3801h4llh383h40000gn/T/lwjglcompsci/3.1.1-build-16/liblwjgl_opengl.dylib

VM Arguments:
jvm_args: -Dfile.encoding=UTF-8 
java_command: game.common.start.Index
java_class_path (initial): /Users/compsci/LWJGL-Game/target/classes:/Users/compsci/LWJGL-Game/lib/lwjgl-assimp-javadoc.jar:/Users/compsci/LWJGL-Game/lib/lwjgl-assimp-natives-macos.jar:/Users/compsci/LWJGL-Game/lib/lwjgl-assimp-sources.jar:/Users/compsci/LWJGL-Game/lib/lwjgl-assimp.jar:/Users/compsci/LWJGL-Game/lib/lwjgl-bgfx-javadoc.jar:/Users/compsci/LWJGL-Game/lib/lwjgl-bgfx-natives-macos.jar:/Users/compsci/LWJGL-Game/lib/lwjgl-bgfx-sources.jar:/Users/compsci/LWJGL-Game/lib/lwjgl-bgfx.jar:/Users/compsci/LWJGL-Game/lib/lwjgl-egl-javadoc.jar:/Users/compsci/LWJGL-Game/lib/lwjgl-egl-sources.jar:/Users/compsci/LWJGL-Game/lib/lwjgl-egl.jar:/Users/compsci/LWJGL-Game/lib/lwjgl-glfw-javadoc.jar:/Users/compsci/LWJGL-Game/lib/lwjgl-glfw-natives-macos.jar:/Users/compsci/LWJGL-Game/lib/lwjgl-glfw-sources.jar:/Users/compsci/LWJGL-Game/lib/lwjgl-glfw.jar:/Users/compsci/LWJGL-Game/lib/lwjgl-javadoc.jar:/Users/compsci/LWJGL-Game/lib/lwjgl-jawt-javadoc.jar:/Users/compsci/LWJGL-Game/lib/lwjgl-jawt-sources.jar:/Users/compsci/LWJGL-Game/lib/lwjgl-jawt.jar:/Users/compsci/LWJGL-Game/lib/lwjgl-jemalloc-javadoc.jar:/Users/compsci/LWJGL-Game/lib/lwjgl-jemalloc-natives-macos.jar:/Users/compsci/LWJGL-Game/lib/lwjgl-jemalloc-sources.jar:/Users/compsci/LWJGL-Game/lib/lwjgl-jemalloc.jar:/Users/compsci/LWJGL-Game/lib/lwjgl-lmdb-javadoc.jar:/Users/compsci/LWJGL-Game/lib/lwjgl-lmdb-natives-macos.jar:/Users/compsci/LWJGL-Game/lib/lwjgl-lmdb-sources.jar:/Users/compsci/LWJGL-Game/lib/lwjgl-lmdb.jar:/Users/compsci/LWJGL-Game/lib/lwjgl-nanovg-javadoc.jar:/Users/compsci/LWJGL-Game/lib/lwjgl-nanovg-natives-macos.jar:/Users/compsci/LWJGL-Game/lib/lwjgl-nanovg-sources.jar:/Users/compsci/LWJGL-Game/lib/lwjgl-nanovg.jar:/Users/compsci/LWJGL-Game/lib/lwjgl-natives-macos.jar:/Users/compsci/LWJGL-Game/lib/lwjgl-nfd-javadoc.jar:/Users/compsci/LWJGL-Game/lib/lwjgl-nfd-natives-macos.jar:/Users/compsci/LWJGL-Game/lib/lwjgl-nfd-sources.jar:/Users/compsci/LWJGL-Game/lib/lwjgl-nfd.jar:/Users/compsci/LWJGL-Game/lib/l
Launcher Type: SUN_STANDARD

Environment Variables:
PATH=/usr/bin:/bin:/usr/sbin:/sbin
SHELL=/bin/bash
DISPLAY=/private/tmp/com.apple.launchd.cWkzmDvkKT/org.macosforge.xquartz:0

Signal Handlers:
SIGSEGV: [libjvm.dylib+0x5b1141], sa_mask[0]=11111111011111110111111111111111, sa_flags=SA_ONSTACK|SA_RESTART|SA_SIGINFO
SIGBUS: [libjvm.dylib+0x5b1141], sa_mask[0]=11111111011111110111111111111111, sa_flags=SA_RESTART|SA_SIGINFO
SIGFPE: [libjvm.dylib+0x487bc4], sa_mask[0]=11111111011111110111111111111111, sa_flags=SA_RESTART|SA_SIGINFO
SIGPIPE: [libjvm.dylib+0x487bc4], sa_mask[0]=11111111011111110111111111111111, sa_flags=SA_RESTART|SA_SIGINFO
SIGXFSZ: [libjvm.dylib+0x487bc4], sa_mask[0]=11111111011111110111111111111111, sa_flags=SA_RESTART|SA_SIGINFO
SIGILL: [libjvm.dylib+0x487bc4], sa_mask[0]=11111111011111110111111111111111, sa_flags=SA_RESTART|SA_SIGINFO
SIGUSR1: SIG_DFL, sa_mask[0]=00000000000000000000000000000000, sa_flags=none
SIGUSR2: [libjvm.dylib+0x4876e2], sa_mask[0]=00100000000000000000000000000000, sa_flags=SA_RESTART|SA_SIGINFO
SIGHUP: [libjvm.dylib+0x485cb9], sa_mask[0]=11111111011111110111111111111111, sa_flags=SA_RESTART|SA_SIGINFO
SIGINT: [libjvm.dylib+0x485cb9], sa_mask[0]=11111111011111110111111111111111, sa_flags=SA_RESTART|SA_SIGINFO
SIGTERM: [libjvm.dylib+0x485cb9], sa_mask[0]=11111111011111110111111111111111, sa_flags=SA_RESTART|SA_SIGINFO
SIGQUIT: [libjvm.dylib+0x485cb9], sa_mask[0]=11111111011111110111111111111111, sa_flags=SA_RESTART|SA_SIGINFO


---------------  S Y S T E M  ---------------

OS:Bsduname:Darwin 16.4.0 Darwin Kernel Version 16.4.0: Thu Dec 22 22:53:21 PST 2016; root:xnu-3789.41.3~3/RELEASE_X86_64 x86_64
rlimit: STACK 8192k, CORE 0k, NPROC 709, NOFILE 10240, AS infinity
load average:0.72 1.01 1.19

CPU:total 4 (2 cores per cpu, 2 threads per core) family 6 model 61 stepping 4, cmov, cx8, fxsr, mmx, sse, sse2, sse3, ssse3, sse4.1, sse4.2, popcnt, avx, avx2, aes, clmul, erms, 3dnowpref, lzcnt, ht, tsc, tscinvbit, bmi1, bmi2, adx

Memory: 4k page, physical 16777216k(1698032k free)

/proc/meminfo:


vm_info: Java HotSpot(TM) 64-Bit Server VM (25.121-b13) for bsd-amd64 JRE (1.8.0_121-b13), built on Dec 12 2016 20:39:32 by "java_re" with gcc 4.2.1 (Based on Apple Inc. build 5658) (LLVM build 2336.11.00)

time: Thu May  4 08:33:17 2017
elapsed time: 0 seconds (0d 0h 0m 0s)

